  pch.cpp
  명령 프롬프트 단위 테스트.cpp
C:\Users\김형준\OneDrive - 강원대학교\Repos\winProgramming\명령 프롬프트\CommandPrompt.cpp(34,13): error C2065: 'cmdTokenList': 선언되지 않은 식별자입니다.
C:\Users\김형준\OneDrive - 강원대학교\Repos\winProgramming\명령 프롬프트\CommandPrompt.cpp(34,26): error C2065: 'cmdTokenIndex': 선언되지 않은 식별자입니다.
C:\Users\김형준\OneDrive - 강원대학교\Repos\winProgramming\명령 프롬프트\CommandPrompt.cpp(34,59): error C2660: 'wcscpy_s': 함수는 2개의 인수를 사용하지 않습니다.
C:\Program Files (x86)\Windows Kits\10\Include\10.0.18362.0\ucrt\corecrt_wstring.h(35,30): message : 'wcscpy_s' 선언을 참조하십시오.
C:\Users\김형준\OneDrive - 강원대학교\Repos\winProgramming\명령 프롬프트\CommandPrompt.cpp(57,14): error C2065: 'cmdTokenList': 선언되지 않은 식별자입니다.
C:\Users\김형준\OneDrive - 강원대학교\Repos\winProgramming\명령 프롬프트\CommandPrompt.cpp(59,10): error C2065: 'COMPLETE': 선언되지 않은 식별자입니다.
C:\Users\김형준\OneDrive - 강원대학교\Repos\winProgramming\명령 프롬프트\CommandPrompt.cpp(61,19): error C2065: 'cmdTokenList': 선언되지 않은 식별자입니다.
C:\Users\김형준\OneDrive - 강원대학교\Repos\winProgramming\명령 프롬프트\CommandPrompt.cpp(63,7): error C2065: 'cmdTokenIndex': 선언되지 않은 식별자입니다.
C:\Users\김형준\OneDrive - 강원대학교\Repos\winProgramming\명령 프롬프트\CommandPrompt.cpp(65,24): error C2065: 'cmdTokenIndex': 선언되지 않은 식별자입니다.
C:\Users\김형준\OneDrive - 강원대학교\Repos\winProgramming\명령 프롬프트\CommandPrompt.cpp(67,48): error C2065: 'cmdTokenList': 선언되지 않은 식별자입니다.
C:\Users\김형준\OneDrive - 강원대학교\Repos\winProgramming\명령 프롬프트\CommandPrompt.cpp(67,26): warning C4473: 'swprintf_s': 서식 문자열에 대한 인수가 충분하게 전달되지 않았습니다.
C:\Users\김형준\OneDrive - 강원대학교\Repos\winProgramming\명령 프롬프트\CommandPrompt.cpp(67,26): message : 자리 표시자 및 해당 매개 변수에는 variadic 인수가 2개 필요하지만 1개가 제공되었습니다.
C:\Users\김형준\OneDrive - 강원대학교\Repos\winProgramming\명령 프롬프트\CommandPrompt.cpp(67,26): message : 누락된 variadic 인수 2이(가) 서식 문자열 '%s'에 필요합니다.
C:\Users\김형준\OneDrive - 강원대학교\Repos\winProgramming\명령 프롬프트\CommandPrompt.cpp(71,51): error C2065: 'selfProcessName': 선언되지 않은 식별자입니다.
C:\Users\김형준\OneDrive - 강원대학교\Repos\winProgramming\명령 프롬프트\CommandPrompt.cpp(75,48): error C2065: 'selfProcessName': 선언되지 않은 식별자입니다.
C:\Users\김형준\OneDrive - 강원대학교\Repos\winProgramming\명령 프롬프트\CommandPrompt.cpp(88,19): error C2065: 'cmdTokenList': 선언되지 않은 식별자입니다.
C:\Users\김형준\OneDrive - 강원대학교\Repos\winProgramming\명령 프롬프트\CommandPrompt.cpp(100,11): error C2065: 'cmdTokenList': 선언되지 않은 식별자입니다.
C:\Users\김형준\OneDrive - 강원대학교\Repos\winProgramming\명령 프롬프트\CommandPrompt.cpp(99,4): error C2660: 'CreateProcessW': 함수는 9개의 인수를 사용하지 않습니다.
C:\Program Files (x86)\Windows Kits\10\Include\10.0.18362.0\um\processthreadsapi.h(377,1): message : 'CreateProcessW' 선언을 참조하십시오.
C:\Users\김형준\OneDrive - 강원대학교\Repos\winProgramming\명령 프롬프트\CommandPrompt.cpp(109,24): error C2065: 'cmdTokenList': 선언되지 않은 식별자입니다.
C:\Users\김형준\OneDrive - 강원대학교\Repos\winProgramming\명령 프롬프트\CommandPrompt.cpp(112,9): error C2065: 'SUCCESS': 선언되지 않은 식별자입니다.
C:\Users\김형준\OneDrive - 강원대학교\Repos\winProgramming\명령 프롬프트\CommandPrompt.cpp(144,10): error C2065: 'cmdTokenList': 선언되지 않은 식별자입니다.
C:\Users\김형준\OneDrive - 강원대학교\Repos\winProgramming\명령 프롬프트\CommandPrompt.cpp(146,2): error C2065: 'cmdTokenIndex': 선언되지 않은 식별자입니다.
C:\Users\김형준\OneDrive - 강원대학교\Repos\winProgramming\명령 프롬프트\Utils.cpp(8,8): error C2084: 'TCHAR *StrLower(TCHAR *)' 함수에 이미 본문이 있습니다.
C:\Users\김형준\OneDrive - 강원대학교\Repos\winProgramming\명령 프롬프트\CommandPrompt.cpp(120): message : 'StrLower'의 이전 정의를 참조하십시오.
C:\Users\김형준\OneDrive - 강원대학교\Repos\winProgramming\명령 프롬프트\명령 프롬프트 단위 테스트\명령 프롬프트 단위 테스트.cpp(24,26): error C2065: 'StrLower': 선언되지 않은 식별자입니다.
C:\Users\김형준\OneDrive - 강원대학교\Repos\winProgramming\명령 프롬프트\명령 프롬프트 단위 테스트\명령 프롬프트 단위 테스트.cpp(24,1): error C2440: '초기화 중': 'TCHAR *(__cdecl *)(TCHAR *)'에서 'const TCHAR *'(으)로 변환할 수 없습니다.
C:\Users\김형준\OneDrive - 강원대학교\Repos\winProgramming\명령 프롬프트\명령 프롬프트 단위 테스트\명령 프롬프트 단위 테스트.cpp(24,24): message : 이 변환이 가능한 컨텍스트가 없습니다.
C:\Users\김형준\OneDrive - 강원대학교\Repos\winProgramming\명령 프롬프트\명령 프롬프트 단위 테스트\명령 프롬프트 단위 테스트.cpp(27,27): error C2065: 'StrLower': 선언되지 않은 식별자입니다.
C:\Users\김형준\OneDrive - 강원대학교\Repos\winProgramming\명령 프롬프트\명령 프롬프트 단위 테스트\명령 프롬프트 단위 테스트.cpp(27,1): error C2440: '초기화 중': 'TCHAR *(__cdecl *)(TCHAR *)'에서 'const TCHAR *'(으)로 변환할 수 없습니다.
C:\Users\김형준\OneDrive - 강원대학교\Repos\winProgramming\명령 프롬프트\명령 프롬프트 단위 테스트\명령 프롬프트 단위 테스트.cpp(27,25): message : 이 변환이 가능한 컨텍스트가 없습니다.
